<?xml version="1.0" encoding="UTF-8"?>
<testng-results skipped="0" failed="1" total="2" passed="1">
  <reporter-output>
  </reporter-output>
  <suite name="Suite" duration-ms="25020" started-at="2017-07-26T16:40:45Z" finished-at="2017-07-26T16:41:10Z">
    <groups>
    </groups>
    <test name="Test" duration-ms="25020" started-at="2017-07-26T16:40:45Z" finished-at="2017-07-26T16:41:10Z">
      <class name="com.Flipkart.testcases.Testcase_002">
        <test-method status="PASS" signature="beforeclass()[pri:0, instance:com.Flipkart.testcases.Testcase_002@616ca2]" name="beforeclass" is-config="true" duration-ms="1" started-at="2017-07-26T22:10:45Z" finished-at="2017-07-26T22:10:45Z">
          <reporter-output>
          </reporter-output>
        </test-method> <!-- beforeclass -->
        <test-method status="PASS" signature="beforemethod()[pri:0, instance:com.Flipkart.testcases.Testcase_002@616ca2]" name="beforemethod" is-config="true" duration-ms="18691" started-at="2017-07-26T22:10:45Z" finished-at="2017-07-26T22:11:04Z">
          <reporter-output>
          </reporter-output>
        </test-method> <!-- beforemethod -->
        <test-method status="FAIL" signature="gotohomepage()[pri:0, instance:com.Flipkart.testcases.Testcase_002@616ca2]" name="gotohomepage" duration-ms="1339" started-at="2017-07-26T22:11:04Z" finished-at="2017-07-26T22:11:05Z">
          <exception class="org.openqa.selenium.WebDriverException">
            <message>
              <![CDATA[unknown error: Element <a class="_2k0gmP" href="https://seller.flipkart.com/?utm_source=flipkart&amp;utm_medium=website&amp;utm_campaign=sellbutton" data-reactid="9">...</a> is not clickable at point (639, 14). Other element would receive the click: <div data-reactroot="" class="_2ISNhP _3AOFWO" tabindex="-1">...</div>
  (Session info: chrome=59.0.3071.115)
  (Driver info: chromedriver=2.29.461591 (62ebf098771772160f391d75e589dc567915b233),platform=Windows NT 6.3.9600 x86_64) (WARNING: The server did not provide any stacktrace information)
Command duration or timeout: 1.14 seconds
Build info: version: '3.0.1', revision: '1969d75', time: '2016-10-18 09:49:13 -0700'
System info: host: 'Honey', ip: '192.168.1.199', os.name: 'Windows 8.1', os.arch: 'x86', os.version: '6.3', java.version: '1.8.0_121'
Driver info: org.openqa.selenium.chrome.ChromeDriver
Capabilities [{applicationCacheEnabled=false, rotatable=false, mobileEmulationEnabled=false, networkConnectionEnabled=false, chrome={chromedriverVersion=2.29.461591 (62ebf098771772160f391d75e589dc567915b233), userDataDir=C:\Users\savita\AppData\Local\Temp\scoped_dir5524_2774}, takesHeapSnapshot=true, pageLoadStrategy=normal, databaseEnabled=false, handlesAlerts=true, hasTouchScreen=false, version=59.0.3071.115, platform=WIN8_1, browserConnectionEnabled=false, nativeEvents=true, acceptSslCerts=true, locationContextEnabled=true, webStorageEnabled=true, browserName=chrome, takesScreenshot=true, javascriptEnabled=true, cssSelectorsEnabled=true, unexpectedAlertBehaviour=}]
Session ID: 09bc011846a0c5c3bac9948ad3ff9e04]]>
            </message>
            <full-stacktrace>
              <![CDATA[org.openqa.selenium.WebDriverException: unknown error: Element <a class="_2k0gmP" href="https://seller.flipkart.com/?utm_source=flipkart&amp;utm_medium=website&amp;utm_campaign=sellbutton" data-reactid="9">...</a> is not clickable at point (639, 14). Other element would receive the click: <div data-reactroot="" class="_2ISNhP _3AOFWO" tabindex="-1">...</div>
  (Session info: chrome=59.0.3071.115)
  (Driver info: chromedriver=2.29.461591 (62ebf098771772160f391d75e589dc567915b233),platform=Windows NT 6.3.9600 x86_64) (WARNING: The server did not provide any stacktrace information)
Command duration or timeout: 1.14 seconds
Build info: version: '3.0.1', revision: '1969d75', time: '2016-10-18 09:49:13 -0700'
System info: host: 'Honey', ip: '192.168.1.199', os.name: 'Windows 8.1', os.arch: 'x86', os.version: '6.3', java.version: '1.8.0_121'
Driver info: org.openqa.selenium.chrome.ChromeDriver
Capabilities [{applicationCacheEnabled=false, rotatable=false, mobileEmulationEnabled=false, networkConnectionEnabled=false, chrome={chromedriverVersion=2.29.461591 (62ebf098771772160f391d75e589dc567915b233), userDataDir=C:\Users\savita\AppData\Local\Temp\scoped_dir5524_2774}, takesHeapSnapshot=true, pageLoadStrategy=normal, databaseEnabled=false, handlesAlerts=true, hasTouchScreen=false, version=59.0.3071.115, platform=WIN8_1, browserConnectionEnabled=false, nativeEvents=true, acceptSslCerts=true, locationContextEnabled=true, webStorageEnabled=true, browserName=chrome, takesScreenshot=true, javascriptEnabled=true, cssSelectorsEnabled=true, unexpectedAlertBehaviour=}]
Session ID: 09bc011846a0c5c3bac9948ad3ff9e04
	at sun.reflect.NativeConstructorAccessorImpl.newInstance0(Native Method)
	at sun.reflect.NativeConstructorAccessorImpl.newInstance(NativeConstructorAccessorImpl.java:62)
	at sun.reflect.DelegatingConstructorAccessorImpl.newInstance(DelegatingConstructorAccessorImpl.java:45)
	at java.lang.reflect.Constructor.newInstance(Constructor.java:423)
	at org.openqa.selenium.remote.ErrorHandler.createThrowable(ErrorHandler.java:216)
	at org.openqa.selenium.remote.ErrorHandler.throwIfResponseFailed(ErrorHandler.java:168)
	at org.openqa.selenium.remote.RemoteWebDriver.execute(RemoteWebDriver.java:635)
	at org.openqa.selenium.remote.RemoteWebElement.execute(RemoteWebElement.java:274)
	at org.openqa.selenium.remote.RemoteWebElement.click(RemoteWebElement.java:84)
	at com.universal.methods.UniversalMethodClass.clickByLinktext(UniversalMethodClass.java:98)
	at com.Flipkart.Pages.Homepage.gotoSaleOnFlipkart(Homepage.java:28)
	at com.Flipkart.testcases.Testcase_002.gotohomepage(Testcase_002.java:20)
	at sun.reflect.NativeMethodAccessorImpl.invoke0(Native Method)
	at sun.reflect.NativeMethodAccessorImpl.invoke(NativeMethodAccessorImpl.java:62)
	at sun.reflect.DelegatingMethodAccessorImpl.invoke(DelegatingMethodAccessorImpl.java:43)
	at java.lang.reflect.Method.invoke(Method.java:498)
	at org.testng.internal.MethodInvocationHelper.invokeMethod(MethodInvocationHelper.java:85)
	at org.testng.internal.Invoker.invokeMethod(Invoker.java:639)
	at org.testng.internal.Invoker.invokeTestMethod(Invoker.java:816)
	at org.testng.internal.Invoker.invokeTestMethods(Invoker.java:1124)
	at org.testng.internal.TestMethodWorker.invokeTestMethods(TestMethodWorker.java:124)
	at org.testng.internal.TestMethodWorker.run(TestMethodWorker.java:108)
	at java.util.concurrent.ThreadPoolExecutor.runWorker(ThreadPoolExecutor.java:1142)
	at java.util.concurrent.ThreadPoolExecutor$Worker.run(ThreadPoolExecutor.java:617)
	at java.lang.Thread.run(Thread.java:745)
]]>
            </full-stacktrace>
          </exception> <!-- org.openqa.selenium.WebDriverException -->
          <reporter-output>
          </reporter-output>
        </test-method> <!-- gotohomepage -->
        <test-method status="PASS" signature="aftermethod()[pri:0, instance:com.Flipkart.testcases.Testcase_002@616ca2]" name="aftermethod" is-config="true" duration-ms="0" started-at="2017-07-26T22:11:05Z" finished-at="2017-07-26T22:11:05Z">
          <reporter-output>
          </reporter-output>
        </test-method> <!-- aftermethod -->
      </class> <!-- com.Flipkart.testcases.Testcase_002 -->
      <class name="com.Flipkart.testcases.Testcase_001">
        <test-method status="PASS" signature="beforeTest()[pri:0, instance:com.Flipkart.testcases.Testcase_001@181a1bc]" name="beforeTest" is-config="true" duration-ms="8" started-at="2017-07-26T22:10:45Z" finished-at="2017-07-26T22:10:45Z">
          <reporter-output>
          </reporter-output>
        </test-method> <!-- beforeTest -->
        <test-method status="PASS" signature="beforeclass()[pri:0, instance:com.Flipkart.testcases.Testcase_001@181a1bc]" name="beforeclass" is-config="true" duration-ms="1" started-at="2017-07-26T22:10:45Z" finished-at="2017-07-26T22:10:45Z">
          <reporter-output>
          </reporter-output>
        </test-method> <!-- beforeclass -->
        <test-method status="PASS" signature="beforemethod()[pri:0, instance:com.Flipkart.testcases.Testcase_001@181a1bc]" name="beforemethod" is-config="true" duration-ms="24485" started-at="2017-07-26T22:10:45Z" finished-at="2017-07-26T22:11:09Z">
          <reporter-output>
          </reporter-output>
        </test-method> <!-- beforemethod -->
        <test-method status="PASS" signature="gotohomepage()[pri:0, instance:com.Flipkart.testcases.Testcase_001@181a1bc]" name="gotohomepage" duration-ms="477" started-at="2017-07-26T22:11:09Z" finished-at="2017-07-26T22:11:10Z">
          <reporter-output>
          </reporter-output>
        </test-method> <!-- gotohomepage -->
        <test-method status="PASS" signature="aftermethod()[pri:0, instance:com.Flipkart.testcases.Testcase_001@181a1bc]" name="aftermethod" is-config="true" duration-ms="0" started-at="2017-07-26T22:11:10Z" finished-at="2017-07-26T22:11:10Z">
          <reporter-output>
          </reporter-output>
        </test-method> <!-- aftermethod -->
        <test-method status="PASS" signature="afterTest()[pri:0, instance:com.Flipkart.testcases.Testcase_001@181a1bc]" name="afterTest" is-config="true" duration-ms="0" started-at="2017-07-26T22:11:10Z" finished-at="2017-07-26T22:11:10Z">
          <reporter-output>
          </reporter-output>
        </test-method> <!-- afterTest -->
      </class> <!-- com.Flipkart.testcases.Testcase_001 -->
    </test> <!-- Test -->
  </suite> <!-- Suite -->
</testng-results>
